#-----------------------------------------------------------
# Vivado v2016.3 (64-bit)
# SW Build 1682563 on Mon Oct 10 19:07:27 MDT 2016
# IP Build 1681267 on Mon Oct 10 21:28:31 MDT 2016
# Start of session at: Thu Mar 28 18:55:13 2019
# Process ID: 10500
# Current directory: C:/Users/Gabriel Elkadiki/Desktop/StopWatch/StopWatch_1
# Command line: vivado.exe -gui_launcher_event rodinguilauncherevent13192 C:\Users\Gabriel Elkadiki\Desktop\StopWatch\StopWatch_1\StopWatch_1.xpr
# Log file: C:/Users/Gabriel Elkadiki/Desktop/StopWatch/StopWatch_1/vivado.log
# Journal file: C:/Users/Gabriel Elkadiki/Desktop/StopWatch/StopWatch_1\vivado.jou
#-----------------------------------------------------------
start_gui
open_project {C:/Users/Gabriel Elkadiki/Desktop/StopWatch/StopWatch_1/StopWatch_1.xpr}
Scanning sources...
Finished scanning sources
INFO: [IP_Flow 19-234] Refreshing IP repositories
INFO: [IP_Flow 19-1704] No user IP repositories specified
INFO: [IP_Flow 19-2313] Loaded Vivado IP repository 'C:/Xilinx/Vivado/2016.3/data/ip'.
WARNING: [IP_Flow 19-2162] IP 'twentyFive_mhz_clk' is locked:
* This IP has board specific outputs. Current project board 'unset' and the board 'digilentinc.com:nexys-a7-100t:part0:1.0' used to customize the IP 'twentyFive_mhz_clk' do not match.
Please select 'Report IP Status' from the 'Tools/Report' menu or run Tcl command 'report_ip_status' for more information.
open_project: Time (s): cpu = 00:00:08 ; elapsed = 00:00:05 . Memory (MB): peak = 726.930 ; gain = 108.988
reset_run synth_1
launch_runs impl_1 -to_step write_bitstream
[Thu Mar 28 18:55:52 2019] Launched synth_1...
Run output will be captured here: C:/Users/Gabriel Elkadiki/Desktop/StopWatch/StopWatch_1/StopWatch_1.runs/synth_1/runme.log
[Thu Mar 28 18:55:52 2019] Launched impl_1...
Run output will be captured here: C:/Users/Gabriel Elkadiki/Desktop/StopWatch/StopWatch_1/StopWatch_1.runs/impl_1/runme.log
open_hw
connect_hw_server
INFO: [Labtools 27-2285] Connecting to hw_server url TCP:localhost:3121
INFO: [Labtools 27-2222] Launching hw_server...
INFO: [Labtools 27-2221] Launch Output:

****** Xilinx hw_server v2016.3
  **** Build date : Oct 10 2016-19:47:06
    ** Copyright 1986-2016 Xilinx, Inc. All Rights Reserved.


open_hw_target
INFO: [Labtoolstcl 44-466] Opening hw_target localhost:3121/xilinx_tcf/Digilent/210292A4BDDCA
set_property PROGRAM.FILE {C:/Users/Gabriel Elkadiki/Desktop/StopWatch/StopWatch_1/StopWatch_1.runs/impl_1/Master_Controller.bit} [lindex [get_hw_devices xc7a100t_0] 0]
current_hw_device [lindex [get_hw_devices xc7a100t_0] 0]
refresh_hw_device -update_hw_probes false [lindex [get_hw_devices xc7a100t_0] 0]
INFO: [Labtools 27-1434] Device xc7a100t (JTAG device index = 0) is programmed with a design that has no supported debug core(s) in it.
WARNING: [Labtools 27-3123] The debug hub core was not detected at User Scan Chain 1 or 3.
Resolution: 
1. Make sure the clock connected to the debug hub (dbg_hub) core is a free running clock and is active OR
2. Manually launch hw_server with -e "set xsdb-user-bscan <C_USER_SCAN_CHAIN scan_chain_number>" to detect the debug hub at User Scan Chain of 2 or 4. To determine the user scan chain setting, open the implemented design and use: get_property C_USER_SCAN_CHAIN [get_debug_cores dbg_hub].
set_property PROBES.FILE {} [lindex [get_hw_devices xc7a100t_0] 0]
set_property PROGRAM.FILE {C:/Users/Gabriel Elkadiki/Desktop/StopWatch/StopWatch_1/StopWatch_1.runs/impl_1/Master_Controller.bit} [lindex [get_hw_devices xc7a100t_0] 0]
program_hw_devices [lindex [get_hw_devices xc7a100t_0] 0]
INFO: [Labtools 27-3164] End of startup status: HIGH
refresh_hw_device [lindex [get_hw_devices xc7a100t_0] 0]
INFO: [Labtools 27-1434] Device xc7a100t (JTAG device index = 0) is programmed with a design that has no supported debug core(s) in it.
WARNING: [Labtools 27-3123] The debug hub core was not detected at User Scan Chain 1 or 3.
Resolution: 
1. Make sure the clock connected to the debug hub (dbg_hub) core is a free running clock and is active OR
2. Manually launch hw_server with -e "set xsdb-user-bscan <C_USER_SCAN_CHAIN scan_chain_number>" to detect the debug hub at User Scan Chain of 2 or 4. To determine the user scan chain setting, open the implemented design and use: get_property C_USER_SCAN_CHAIN [get_debug_cores dbg_hub].
ERROR: [Labtools 27-2269] No devices detected on target localhost:3121/xilinx_tcf/Digilent/210292A4BDDCA.
Check cable connectivity and that the target board is powered up then
use the disconnect_hw_server and connect_hw_server to re-register this hardware target.
ERROR: [Labtoolstcl 44-513] HW Target shutdown. Closing target: localhost:3121/xilinx_tcf/Digilent/210292A4BDDCA
